<?xml version="1.0" encoding="UTF-8"?>
<!-- Generated by org.testng.reporters.JUnitReportReporter -->
<testsuite skipped="1" hostname="HIBAML55110" name="auto.utility.Init" tests="1" failures="0" timestamp="26 Sep 2018 07:50:47 GMT" time="30.070" errors="0">
  <testcase name="loginTest" time="30.070" classname="auto.utility.Init">
    <skipped/>
  </testcase> <!-- loginTest -->
</testsuite> <!-- auto.utility.Init -->
