<?xml version="1.0" encoding="UTF-8"?>
<!-- Generated by org.testng.reporters.JUnitReportReporter -->
<testsuite skipped="0" hostname="HIBAML55110" name="auto.testcases.TestAlert" tests="4" failures="0" timestamp="26 Sep 2018 07:50:46 GMT" time="91.607" errors="0">
  <testcase name="testClickForJSPrompt" time="22.747" classname="auto.testcases.TestAlert"/>
  <testcase name="testClickForJSConfirm" time="22.081" classname="auto.testcases.TestAlert"/>
  <testcase name="loginTest" time="21.291" classname="auto.testcases.TestAlert"/>
  <testcase name="testClickForJSAlert" time="25.488" classname="auto.testcases.TestAlert"/>
</testsuite> <!-- auto.testcases.TestAlert -->
