<?xml version="1.0" encoding="UTF-8"?>
<!-- Generated by org.testng.reporters.JUnitReportReporter -->
<testsuite skipped="0" hostname="HIBAML55110" name="auto.testcases.TestChallengingDomPage" tests="2" failures="0" timestamp="26 Sep 2018 07:50:47 GMT" time="64.107" errors="0">
  <testcase name="loginTest" time="29.606" classname="auto.testcases.TestChallengingDomPage"/>
  <testcase name="testChallengingPage" time="34.501" classname="auto.testcases.TestChallengingDomPage"/>
</testsuite> <!-- auto.testcases.TestChallengingDomPage -->
