<?xml version="1.0" encoding="UTF-8"?>
<!-- Generated by org.testng.reporters.JUnitReportReporter -->
<testsuite skipped="0" hostname="HIBAML55110" name="auto.testcases.TestHover" tests="2" failures="0" timestamp="26 Sep 2018 07:50:47 GMT" time="49.952" errors="0">
  <testcase name="testFrame" time="25.509" classname="auto.testcases.TestHover"/>
  <testcase name="loginTest" time="24.443" classname="auto.testcases.TestHover"/>
</testsuite> <!-- auto.testcases.TestHover -->
