<?xml version="1.0" encoding="UTF-8"?>
<!-- Generated by org.testng.reporters.JUnitReportReporter -->
<testsuite skipped="0" hostname="HIBAML55110" name="auto.testcases.TestFileDownloader" tests="2" failures="0" timestamp="26 Sep 2018 07:50:46 GMT" time="57.592" errors="0">
  <testcase name="testFrame" time="34.826" classname="auto.testcases.TestFileDownloader"/>
  <testcase name="loginTest" time="22.766" classname="auto.testcases.TestFileDownloader"/>
</testsuite> <!-- auto.testcases.TestFileDownloader -->
