<?xml version="1.0" encoding="UTF-8"?>
<!-- Generated by org.testng.reporters.JUnitReportReporter -->
<testsuite skipped="0" hostname="HIBAML55110" name="auto.testcases.TestDisappearingElementsPage" tests="2" failures="0" timestamp="26 Sep 2018 07:50:46 GMT" time="73.154" errors="0">
  <testcase name="loginTest" time="29.543" classname="auto.testcases.TestDisappearingElementsPage"/>
  <testcase name="testChallengingPage" time="43.611" classname="auto.testcases.TestDisappearingElementsPage"/>
</testsuite> <!-- auto.testcases.TestDisappearingElementsPage -->
