<?xml version="1.0" encoding="UTF-8"?>
<!-- Generated by org.testng.reporters.JUnitReportReporter -->
<testsuite skipped="0" hostname="HIBAML55110" name="auto.testcases.TestInfiniteScroll" tests="2" failures="0" timestamp="26 Sep 2018 07:50:47 GMT" time="58.302" errors="0">
  <testcase name="testFrame" time="35.240" classname="auto.testcases.TestInfiniteScroll"/>
  <testcase name="loginTest" time="23.062" classname="auto.testcases.TestInfiniteScroll"/>
</testsuite> <!-- auto.testcases.TestInfiniteScroll -->
