<?xml version="1.0" encoding="UTF-8"?>
<!-- Generated by org.testng.reporters.JUnitReportReporter -->
<testsuite skipped="0" hostname="HIBAML55110" name="auto.testcases.TestDynamicLoadings" tests="3" failures="0" timestamp="26 Sep 2018 07:50:46 GMT" time="111.643" errors="0">
  <testcase name="loginTest" time="24.742" classname="auto.testcases.TestDynamicLoadings"/>
  <testcase name="testDynamicLoadingsRender" time="40.703" classname="auto.testcases.TestDynamicLoadings"/>
  <testcase name="testDynamicLoadingsHidden" time="46.198" classname="auto.testcases.TestDynamicLoadings"/>
</testsuite> <!-- auto.testcases.TestDynamicLoadings -->
