<?xml version="1.0" encoding="UTF-8"?>
<!-- Generated by org.testng.reporters.JUnitReportReporter -->
<testsuite skipped="0" hostname="HIBAML55110" name="auto.testcases.TestDragAndDrop" tests="2" failures="0" timestamp="26 Sep 2018 07:50:47 GMT" time="42.309" errors="0">
  <testcase name="loginTest" time="21.333" classname="auto.testcases.TestDragAndDrop"/>
  <testcase name="testDragAndDrop" time="20.976" classname="auto.testcases.TestDragAndDrop"/>
</testsuite> <!-- auto.testcases.TestDragAndDrop -->
