<?xml version="1.0" encoding="UTF-8"?>
<!-- Generated by org.testng.reporters.JUnitReportReporter -->
<testsuite skipped="0" hostname="HIBAML55110" name="auto.testcases.TestWelcomePage" tests="1" failures="0" timestamp="25 Sep 2018 11:58:12 GMT" time="35.457" errors="0">
  <testcase name="testWelcomePage" time="35.457" classname="auto.testcases.TestWelcomePage"/>
</testsuite> <!-- auto.testcases.TestWelcomePage -->
