<?xml version="1.0" encoding="UTF-8"?>
<!-- Generated by org.testng.reporters.JUnitReportReporter -->
<testsuite skipped="0" hostname="HIBAML55110" name="auto.testcases.TestMultipleWindows" tests="2" failures="0" timestamp="26 Sep 2018 07:50:46 GMT" time="72.192" errors="0">
  <testcase name="testFrame" time="46.632" classname="auto.testcases.TestMultipleWindows"/>
  <testcase name="loginTest" time="25.560" classname="auto.testcases.TestMultipleWindows"/>
</testsuite> <!-- auto.testcases.TestMultipleWindows -->
