<?xml version="1.0" encoding="UTF-8"?>
<!-- Generated by org.testng.reporters.JUnitReportReporter -->
<testsuite skipped="0" hostname="HIBAML55110" name="auto.testcases.TestLogin" tests="3" failures="0" timestamp="26 Sep 2018 07:50:47 GMT" time="85.330" errors="0">
  <testcase name="testLoginWithInvalidUser" time="26.065" classname="auto.testcases.TestLogin"/>
  <testcase name="testLogin" time="34.742" classname="auto.testcases.TestLogin"/>
  <testcase name="loginTest" time="24.523" classname="auto.testcases.TestLogin"/>
</testsuite> <!-- auto.testcases.TestLogin -->
