<?xml version="1.0" encoding="UTF-8"?>
<!-- Generated by org.testng.reporters.JUnitReportReporter -->
<testsuite skipped="0" hostname="HIBAML55110" name="auto.testcases.TestLargeDeepDOM" tests="2" failures="0" timestamp="26 Sep 2018 07:50:47 GMT" time="66.073" errors="0">
  <testcase name="testLargeDeepDOM" time="36.567" classname="auto.testcases.TestLargeDeepDOM"/>
  <testcase name="loginTest" time="29.506" classname="auto.testcases.TestLargeDeepDOM"/>
</testsuite> <!-- auto.testcases.TestLargeDeepDOM -->
