<?xml version="1.0" encoding="UTF-8"?>
<!-- Generated by org.testng.reporters.JUnitReportReporter -->
<testsuite skipped="0" hostname="HIBAML55110" name="auto.testcases.TestKeyPresses" tests="2" failures="0" timestamp="26 Sep 2018 07:50:46 GMT" time="73.895" errors="0">
  <testcase name="loginTest" time="36.499" classname="auto.testcases.TestKeyPresses"/>
  <testcase name="testKeyPresses" time="37.396" classname="auto.testcases.TestKeyPresses"/>
</testsuite> <!-- auto.testcases.TestKeyPresses -->
