<?xml version="1.0" encoding="UTF-8"?>
<!-- Generated by org.testng.reporters.JUnitReportReporter -->
<testsuite skipped="0" hostname="HIBAML55110" name="auto.testcases.TestDropdownPage" tests="2" failures="0" timestamp="26 Sep 2018 07:50:47 GMT" time="60.287" errors="0">
  <testcase name="loginTest" time="30.918" classname="auto.testcases.TestDropdownPage"/>
  <testcase name="testDropdownPage" time="29.369" classname="auto.testcases.TestDropdownPage"/>
</testsuite> <!-- auto.testcases.TestDropdownPage -->
