<?xml version="1.0" encoding="UTF-8"?>
<!-- Generated by org.testng.reporters.JUnitReportReporter -->
<testsuite skipped="0" hostname="HIBAML55110" name="auto.testcases.TestHorizontalSlider" tests="2" failures="0" timestamp="26 Sep 2018 07:50:46 GMT" time="74.017" errors="0">
  <testcase name="loginTest" time="29.554" classname="auto.testcases.TestHorizontalSlider"/>
  <testcase name="testFrame" time="44.463" classname="auto.testcases.TestHorizontalSlider"/>
</testsuite> <!-- auto.testcases.TestHorizontalSlider -->
